make all --print-data-base --no-builtin-variables --no-builtin-rules --question
make: *** No rule to make target 'main.o', needed by 'push_swap'.  Stop.

# GNU Make 4.3
# Built for x86_64-pc-linux-gnu
# Copyright (C) 1988-2020 Free Software Foundation, Inc.
# License GPLv3+: GNU GPL version 3 or later <http://gnu.org/licenses/gpl.html>
# This is free software: you are free to change and redistribute it.
# There is NO WARRANTY, to the extent permitted by law.

# Make data base, printed on Mon Aug  8 07:48:18 2022

# Variables

# environment
GDK_BACKEND = x11
# environment
LC_ALL = C
# environment
GNOME_SHELL_SESSION_MODE = ubuntu
# environment
SSH_AGENT_LAUNCHER = gnome-keyring
# environment
SNAP_INSTANCE_KEY = 
# environment
GJS_DEBUG_OUTPUT = stderr
# environment
LC_NAME = fr_FR.UTF-8
# environment
LC_NUMERIC = fr_FR.UTF-8
# environment
VSCODE_CWD = /home/gameoverstation
# environment
LC_ADDRESS = fr_FR.UTF-8
# default
MAKE_COMMAND := make
# environment
QT_ACCESSIBILITY = 1
# automatic
@D = $(patsubst %/,%,$(dir $@))
# environment
SNAP_INSTANCE_NAME = code
# environment
GDK_PIXBUF_MODULEDIR = /snap/code/102/usr/lib/x86_64-linux-gnu/gdk-pixbuf-2.0/2.10.0/loaders
# environment
VSCODE_HANDLES_UNCAUGHT_ERRORS = true
# default
.VARIABLES := 
# environment
PWD = /home/gameoverstation/Documents/Cursus42/Cursus42/push_swap
# automatic
%D = $(patsubst %/,%,$(dir $%))
# environment
XDG_DATA_DIRS = /usr/share/ubuntu:/usr/local/share/:/usr/share/:/var/lib/snapd/desktop
# automatic
^D = $(patsubst %/,%,$(dir $^))
# automatic
%F = $(notdir $%)
# environment
VSCODE_CODE_CACHE_PATH = /home/gameoverstation/.config/Code/CachedData/3b889b090b5ad5793f524b5d1d39fda662b96a2a
# environment
LANG = C
# environment
XAUTHORITY = /run/user/1000/.mutter-Xwaylandauth.45PYQ1
# default
.LOADED := 
# default
.INCLUDE_DIRS = /usr/local/include /usr/include /usr/include
# makefile
MAKEFLAGS = pqrR
# makefile
CURDIR := /home/gameoverstation/Documents/Cursus42/Cursus42/push_swap
# environment
APPLICATION_INSIGHTS_NO_DIAGNOSTIC_CHANNEL = true
# environment
LESSOPEN = | /usr/bin/lesspipe %s
# makefile (from 'Makefile', line 15)
SRCS = main.c srcs/create_stack.c srcs/print_list.c srcs/sort_verification.c srcs/error_handler.c srcs/swap_rules.c srcs/push_rules.c srcs/del_first_elem.c srcs/rotate_rules.c srcs/reverse_rules.c srcs/sort_big_num.c srcs/utility_func.c srcs/sort_small_num.c
# automatic
*D = $(patsubst %/,%,$(dir $*))
# environment
MFLAGS = -pqrR
# environment
SSH_AUTH_SOCK = /run/user/1000/keyring/ssh
# default
.SHELLFLAGS := -c
# environment
WAYLAND_DISPLAY = wayland-0
# environment
XDG_CONFIG_DIRS = /etc/xdg/xdg-ubuntu:/etc/xdg
# automatic
+D = $(patsubst %/,%,$(dir $+))
# environment
XDG_SESSION_DESKTOP = ubuntu
# makefile (from 'Makefile', line 1)
MAKEFILE_LIST := Makefile
# environment
SNAP_REEXEC = 
# automatic
@F = $(notdir $@)
# environment
VSCODE_PID = 3365
# environment
XDG_SESSION_TYPE = wayland
# automatic
?D = $(patsubst %/,%,$(dir $?))
# environment
BAMF_DESKTOP_FILE_HINT = /var/lib/snapd/desktop/applications/code_code.desktop
# environment
SESSION_MANAGER = local/GameoverStation:@/tmp/.ICE-unix/1541,unix/GameoverStation:/tmp/.ICE-unix/1541
# automatic
*F = $(notdir $*)
# environment
CHROME_DESKTOP = code-url-handler.desktop
# environment
DBUS_SESSION_BUS_ADDRESS = unix:path=/run/user/1000/bus
# automatic
<D = $(patsubst %/,%,$(dir $<))
# environment
VSCODE_NLS_CONFIG = {"locale":"en-us","availableLanguages":{},"_languagePackSupport":true}
# default
MAKE_HOST := x86_64-pc-linux-gnu
# makefile (from 'Makefile', line 18)
OBJS = ${SRCS:.c=.o}
# environment
GNOME_DESKTOP_SESSION_ID = this-is-deprecated
# makefile
SHELL = /bin/sh
# default
MAKECMDGOALS := all
# environment
XMODIFIERS = @im=ibus
# environment
GJS_DEBUG_TOPICS = JS ERROR;JS LOG
# environment
SHLVL = 0
# environment
MAKELEVEL := 0
# environment
IM_CONFIG_CHECK_ENV = 1
# default
MAKE = $(MAKE_COMMAND)
# environment
SNAP_COOKIE = xnVtywYhVzLT5l3wcpMSoDl0XhgIJgpIxKPOfm_YdIO8IvxZwekZ
# environment
PATH = /home/gameoverstation/.local/bin:/home/gameoverstation/.local/bin:/usr/local/sbin:/usr/local/bin:/usr/sbin:/usr/bin:/sbin:/bin:/usr/games:/usr/local/games:/snap/bin:/snap/bin
# default
MAKEFILES := 
# environment
LC_MONETARY = fr_FR.UTF-8
# automatic
^F = $(notdir $^)
# environment
SNAP_USER_COMMON = /home/gameoverstation/snap/code/common
# environment
LC_TIME = fr_FR.UTF-8
# environment
SNAP = /snap/code/102
# environment
INVOCATION_ID = 84266bef83f747c7838f3706adac1888
# environment
SNAP_REVISION = 102
# environment
SNAP_REAL_HOME = /home/gameoverstation
# environment
USERNAME = gameoverstation
# environment
GNOME_SETUP_DISPLAY = :1
# environment
LC_TELEPHONE = fr_FR.UTF-8
# environment
LESSCLOSE = /usr/bin/lesspipe %s %s
# automatic
?F = $(notdir $?)
# makefile (from 'Makefile', line 13)
NAME = push_swap
# environment
XDG_CURRENT_DESKTOP = Unity
# environment
LS_COLORS = 
# automatic
+F = $(notdir $+)
# environment
DESKTOP_SESSION = ubuntu
# environment
ORIGINAL_XDG_CURRENT_DESKTOP = ubuntu:GNOME
# 'override' directive
GNUMAKEFLAGS := 
# environment
LOGNAME = gameoverstation
# environment
GIO_LAUNCHED_DESKTOP_FILE = /var/lib/snapd/desktop/applications/code_code.desktop
# environment
SNAP_ARCH = amd64
# makefile
.DEFAULT_GOAL := push_swap
# environment
SYSTEMD_EXEC_PID = 1560
# environment
DISPLAY = :0
# environment
USER = gameoverstation
# environment
GTK_MODULES = gail:atk-bridge
# default
MAKE_VERSION := 4.3
# environment
DISABLE_WAYLAND = 1
# environment
SNAP_DATA = /var/snap/code/102
# environment
SNAP_CONTEXT = xnVtywYhVzLT5l3wcpMSoDl0XhgIJgpIxKPOfm_YdIO8IvxZwekZ
# environment
MANAGERPID = 1404
# environment
LC_MEASUREMENT = fr_FR.UTF-8
# environment
GIO_LAUNCHED_DESKTOP_FILE_PID = 3313
# environment
_ = /snap/code/102/usr/share/code/code
# environment
LC_PAPER = fr_FR.UTF-8
# environment
XDG_RUNTIME_DIR = /run/user/1000
# makefile (from 'Makefile', line 26)
CFLAGS = -Wall -Werror -Wextra -ggdb3
# environment
GDK_PIXBUF_MODULE_FILE = /home/gameoverstation/snap/code/common/.cache/gdk-pixbuf-loaders.cache
# environment
JOURNAL_STREAM = 8:39573
# environment
XDG_SESSION_CLASS = user
# environment
VSCODE_AMD_ENTRYPOINT = vs/workbench/api/node/extensionHostProcess
# environment
HOME = /home/gameoverstation
# environment
QT_IM_MODULE = ibus
# environment
ELECTRON_RUN_AS_NODE = 1
# environment
VSCODE_IPC_HOOK = /run/user/1000/vscode-db09aeac-1.69.2-main.sock
# environment
SNAP_NAME = code
# environment
GSETTINGS_SCHEMA_DIR = /snap/code/102/usr/share/glib-2.0/schemas
# makefile (from 'Makefile', line 22)
LIBFT_FLAGS = -lft
# environment
IM_CONFIG_PHASE = 1
# default
.RECIPEPREFIX := 
# automatic
<F = $(notdir $<)
# environment
SNAP_VERSION = 3b889b09
# default
SUFFIXES := 
# environment
VSCODE_CLI = 1
# environment
ELECTRON_NO_ATTACH_CONSOLE = 1
# environment
SNAP_COMMON = /var/snap/code/common
# default
.FEATURES := target-specific order-only second-expansion else-if shortest-stem undefine oneshell nocomment grouped-target extra-prereqs archives jobserver output-sync check-symlink load
# makefile (from 'Makefile', line 24)
CC = gcc -g
# environment
SNAP_USER_DATA = /home/gameoverstation/snap/code/102
# environment
XDG_MENU_PREFIX = gnome-
# makefile (from 'Makefile', line 20)
LD_FLAGS = -L libft
# environment
GDMSESSION = ubuntu
# environment
LC_IDENTIFICATION = fr_FR.UTF-8
# environment
SNAP_LIBRARY_PATH = /var/lib/snapd/lib/gl:/var/lib/snapd/lib/gl32:/var/lib/snapd/void
# variable set hash-table stats:
# Load=133/1024=13%, Rehash=0, Collisions=8/167=5%

# Pattern-specific Variable Values

# No pattern-specific variable values.

# Directories

 
# . (device 2050, inode 6558043): 13 files, no impossibilities.

# 13 files, no impossibilities in 1 directories.

# Implicit Rules

# No implicit rules.

# Files

# Not a target:
srcs/sort_verification.o:
#  Implicit rule search has not been done.
#  Modification time never checked.
#  File has not been updated.

# Not a target:
srcs/create_stack.o:
#  Implicit rule search has not been done.
#  Modification time never checked.
#  File has not been updated.

# Not a target:
srcs/sort_big_num.o:
#  Implicit rule search has not been done.
#  Modification time never checked.
#  File has not been updated.

# Not a target:
Makefile:
#  Implicit rule search has been done.
#  Last modified 2022-08-03 11:04:49.281937239
#  File has been updated.
#  Successfully updated.

clean:
#  Phony target (prerequisite of .PHONY).
#  Implicit rule search has not been done.
#  File does not exist.
#  File has not been updated.
#  recipe to execute (from 'Makefile', line 37):
					make clean -C libft
					rm -rf ${OBJS}

re: fclean all
#  Phony target (prerequisite of .PHONY).
#  Implicit rule search has not been done.
#  File does not exist.
#  File has not been updated.

# Not a target:
srcs/error_handler.o:
#  Implicit rule search has not been done.
#  Modification time never checked.
#  File has not been updated.

# Not a target:
.DEFAULT:
#  Implicit rule search has not been done.
#  Modification time never checked.
#  File has not been updated.

all: push_swap
#  Phony target (prerequisite of .PHONY).
#  Command line target.
#  Implicit rule search has not been done.
#  File does not exist.
#  File has not been updated.

fclean: clean
#  Phony target (prerequisite of .PHONY).
#  Implicit rule search has not been done.
#  File does not exist.
#  File has not been updated.
#  recipe to execute (from 'Makefile', line 41):
					make fclean -C libft
					rm -rf ${NAME}

# Not a target:
srcs/rotate_rules.o:
#  Implicit rule search has not been done.
#  Modification time never checked.
#  File has not been updated.

push_swap: main.o srcs/create_stack.o srcs/print_list.o srcs/sort_verification.o srcs/error_handler.o srcs/swap_rules.o srcs/push_rules.o srcs/del_first_elem.o srcs/rotate_rules.o srcs/reverse_rules.o srcs/sort_big_num.o srcs/utility_func.o srcs/sort_small_num.o
#  Implicit rule search has not been done.
#  File does not exist.
#  File has not been updated.
#  recipe to execute (from 'Makefile', line 29):
					@make -C libft
					cp libft/libft.a .
					@mv libft.a ${NAME}
					${CC} ${CFLAGS} ${LD_FLAGS} ${OBJS} -o ${NAME} ${LIBFT_FLAGS}

# Not a target:
srcs/sort_small_num.o:
#  Implicit rule search has not been done.
#  Modification time never checked.
#  File has not been updated.

# Not a target:
main.o:
#  Implicit rule search has been done.
#  File does not exist.
#  File has not been updated.

# Not a target:
srcs/print_list.o:
#  Implicit rule search has not been done.
#  Modification time never checked.
#  File has not been updated.

# Not a target:
srcs/reverse_rules.o:
#  Implicit rule search has not been done.
#  Modification time never checked.
#  File has not been updated.

# Not a target:
srcs/swap_rules.o:
#  Implicit rule search has not been done.
#  Modification time never checked.
#  File has not been updated.

.PHONY: all clean fclean re
#  Implicit rule search has not been done.
#  Modification time never checked.
#  File has not been updated.

# Not a target:
srcs/del_first_elem.o:
#  Implicit rule search has not been done.
#  Modification time never checked.
#  File has not been updated.

# Not a target:
srcs/push_rules.o:
#  Implicit rule search has not been done.
#  Modification time never checked.
#  File has not been updated.

# Not a target:
srcs/utility_func.o:
#  Implicit rule search has not been done.
#  Modification time never checked.
#  File has not been updated.

# files hash-table stats:
# Load=22/1024=2%, Rehash=0, Collisions=7/54=13%
# VPATH Search Paths

# No 'vpath' search paths.

# No general ('VPATH' variable) search path.

# strcache buffers: 1 (0) / strings = 36 / storage = 462 B / avg = 12 B
# current buf: size = 8162 B / used = 462 B / count = 36 / avg = 12 B

# strcache performance: lookups = 55 / hit rate = 34%
# hash-table stats:
# Load=36/8192=0%, Rehash=0, Collisions=1/55=2%
# Finished Make data base on Mon Aug  8 07:48:18 2022

 
